
> solid-app@1.0.0 build-storybook /home/ethan/Documents/GithubTestSolidJS/my-app
> storybook build "--output-dir" "/tmp/chromatic--8205-7nzgsMsz73Ss"

storybook v8.2.7

info => Cleaning outputDir: ../../../../../tmp/chromatic--8205-7nzgsMsz73Ss
info => Loading presets
info => Building manager..
info => Manager built (166 ms)
info => Building preview..
WARN No story files found for the specified pattern: src/**/*.mdx
[36mvite v5.3.5 [32mbuilding for production...[36m[39m
transforming...
[32m✓[39m 589 modules transformed.
rendering chunks...
computing gzip size...
[2m../../../../../tmp/chromatic--8205-7nzgsMsz73Ss/[22m[2massets/[22m[36mpreview-legacy-BuDgj8-L.js                [39m[1m[2m    0.14 kB[22m[1m[22m[2m │ gzip:   0.13 kB[22m
[2m../../../../../tmp/chromatic--8205-7nzgsMsz73Ss/[22m[2massets/[22m[36mpreview-legacy-CzqNkfGr.js                [39m[1m[2m    0.79 kB[22m[1m[22m[2m │ gzip:   0.54 kB[22m
[2m../../../../../tmp/chromatic--8205-7nzgsMsz73Ss/[22m[2massets/[22m[36mindex-legacy-Dvg014dY.js                  [39m[1m[2m    0.86 kB[22m[1m[22m[2m │ gzip:   0.49 kB[22m
[2m../../../../../tmp/chromatic--8205-7nzgsMsz73Ss/[22m[2massets/[22m[36mentry-preview-docs-legacy-BAhRtgzZ.js     [39m[1m[2m    0.94 kB[22m[1m[22m[2m │ gzip:   0.57 kB[22m
[2m../../../../../tmp/chromatic--8205-7nzgsMsz73Ss/[22m[2massets/[22m[36mindex-legacy-BPAeuijf.js                  [39m[1m[2m    1.18 kB[22m[1m[22m[2m │ gzip:   0.73 kB[22m
[2m../../../../../tmp/chromatic--8205-7nzgsMsz73Ss/[22m[2massets/[22m[36mentry-preview-legacy-APXRcDL5.js          [39m[1m[2m    1.31 kB[22m[1m[22m[2m │ gzip:   0.79 kB[22m
[2m../../../../../tmp/chromatic--8205-7nzgsMsz73Ss/[22m[2massets/[22m[36mindex-legacy-Vi_Dv7-B.js                  [39m[1m[2m    1.69 kB[22m[1m[22m[2m │ gzip:   0.81 kB[22m
[2m../../../../../tmp/chromatic--8205-7nzgsMsz73Ss/[22m[2massets/[22m[36mpreview-legacy-Cpy35Oh3.js                [39m[1m[2m    3.31 kB[22m[1m[22m[2m │ gzip:   1.41 kB[22m
[2m../../../../../tmp/chromatic--8205-7nzgsMsz73Ss/[22m[2massets/[22m[36mpreview-legacy-BiHOY0tf.js                [39m[1m[2m    3.37 kB[22m[1m[22m[2m │ gzip:   1.71 kB[22m
[2m../../../../../tmp/chromatic--8205-7nzgsMsz73Ss/[22m[2massets/[22m[36mButton.stories-legacy-Cv1Z7tCv.js         [39m[1m[2m    3.55 kB[22m[1m[22m[2m │ gzip:   1.40 kB[22m
[2m../../../../../tmp/chromatic--8205-7nzgsMsz73Ss/[22m[2massets/[22m[36mpreview-legacy-Q2pMHRSp.js                [39m[1m[2m    4.60 kB[22m[1m[22m[2m │ gzip:   2.01 kB[22m
[2m../../../../../tmp/chromatic--8205-7nzgsMsz73Ss/[22m[2massets/[22m[36mAppCoreExtensions-legacy-CFxLIvbq.js      [39m[1m[2m    7.56 kB[22m[1m[22m[2m │ gzip:   2.92 kB[22m
[2m../../../../../tmp/chromatic--8205-7nzgsMsz73Ss/[22m[2massets/[22m[36mpreview-legacy-DQyl_Vuz.js                [39m[1m[2m    7.68 kB[22m[1m[22m[2m │ gzip:   1.59 kB[22m
[2m../../../../../tmp/chromatic--8205-7nzgsMsz73Ss/[22m[2massets/[22m[36mpreview-legacy-DYv6YRVt.js                [39m[1m[2m    8.06 kB[22m[1m[22m[2m │ gzip:   3.06 kB[22m
[2m../../../../../tmp/chromatic--8205-7nzgsMsz73Ss/[22m[2massets/[22m[36mpreview-legacy-DS4Q00gD.js                [39m[1m[2m    8.90 kB[22m[1m[22m[2m │ gzip:   3.56 kB[22m
[2m../../../../../tmp/chromatic--8205-7nzgsMsz73Ss/[22m[2massets/[22m[36miframe-legacy-g0thuuH5.js                 [39m[1m[2m    9.88 kB[22m[1m[22m[2m │ gzip:   3.56 kB[22m
[2m../../../../../tmp/chromatic--8205-7nzgsMsz73Ss/[22m[2massets/[22m[36mColor-KGDBMAHA-legacy-AP6Gb5pC.js         [39m[1m[2m   33.27 kB[22m[1m[22m[2m │ gzip:  12.56 kB[22m
[2m../../../../../tmp/chromatic--8205-7nzgsMsz73Ss/[22m[2massets/[22m[36mCoreExtension-legacy-60c8U4Qv.js          [39m[1m[2m   45.08 kB[22m[1m[22m[2m │ gzip:  14.04 kB[22m
[2m../../../../../tmp/chromatic--8205-7nzgsMsz73Ss/[22m[2massets/[22m[36mpreview-legacy-Lc8laPf2.js                [39m[1m[2m   65.98 kB[22m[1m[22m[2m │ gzip:  21.85 kB[22m
[2m../../../../../tmp/chromatic--8205-7nzgsMsz73Ss/[22m[2massets/[22m[36mindex-legacy-C8AtUIAG.js                  [39m[1m[2m   78.90 kB[22m[1m[22m[2m │ gzip:  22.66 kB[22m
[2m../../../../../tmp/chromatic--8205-7nzgsMsz73Ss/[22m[2massets/[22m[36mpolyfills-legacy-eI9Q33dx.js              [39m[1m[2m  123.93 kB[22m[1m[22m[2m │ gzip:  49.07 kB[22m
[2m../../../../../tmp/chromatic--8205-7nzgsMsz73Ss/[22m[2massets/[22m[36mrender-legacy-DQjLRo4B.js                 [39m[1m[2m  172.36 kB[22m[1m[22m[2m │ gzip:  48.08 kB[22m
[2m../../../../../tmp/chromatic--8205-7nzgsMsz73Ss/[22m[2massets/[22m[36mDocsRenderer-PKQXORMH-legacy-D5VcmzBS.js  [39m[1m[33m1,083.45 kB[39m[22m[2m │ gzip: 333.35 kB[22m
[2m../../../../../tmp/chromatic--8205-7nzgsMsz73Ss/[22m[32miframe.html                               [39m[1m[2m   17.59 kB[22m[1m[22m[2m │ gzip:   4.94 kB[22m
[2m../../../../../tmp/chromatic--8205-7nzgsMsz73Ss/[22m[2massets/[22m[36mpreview-BnWGZYux.js                [39m[1m[2m    0.07 kB[22m[1m[22m[2m │ gzip:   0.08 kB[22m
[2m../../../../../tmp/chromatic--8205-7nzgsMsz73Ss/[22m[2massets/[22m[36mAppCoreExtensions-Dmy2AWgR.js      [39m[1m[2m    0.47 kB[22m[1m[22m[2m │ gzip:   0.28 kB[22m
[2m../../../../../tmp/chromatic--8205-7nzgsMsz73Ss/[22m[2massets/[22m[36mindex-BYI8NH3P.js                  [39m[1m[2m    0.56 kB[22m[1m[22m[2m │ gzip:   0.35 kB[22m
[2m../../../../../tmp/chromatic--8205-7nzgsMsz73Ss/[22m[2massets/[22m[36mpreview-B70tS-3O.js                [39m[1m[2m    0.75 kB[22m[1m[22m[2m │ gzip:   0.50 kB[22m
[2m../../../../../tmp/chromatic--8205-7nzgsMsz73Ss/[22m[2massets/[22m[36mpreview-BQMbkGlq.js                [39m[1m[2m    0.77 kB[22m[1m[22m[2m │ gzip:   0.51 kB[22m
[2m../../../../../tmp/chromatic--8205-7nzgsMsz73Ss/[22m[2massets/[22m[36mindex-D-tao7Fd.js                  [39m[1m[2m    0.77 kB[22m[1m[22m[2m │ gzip:   0.47 kB[22m
[2m../../../../../tmp/chromatic--8205-7nzgsMsz73Ss/[22m[2massets/[22m[36mentry-preview-docs-BhQYoerP.js     [39m[1m[2m    0.85 kB[22m[1m[22m[2m │ gzip:   0.52 kB[22m
[2m../../../../../tmp/chromatic--8205-7nzgsMsz73Ss/[22m[2massets/[22m[36mentry-preview-DmgFdUY-.js          [39m[1m[2m    1.40 kB[22m[1m[22m[2m │ gzip:   0.83 kB[22m
[2m../../../../../tmp/chromatic--8205-7nzgsMsz73Ss/[22m[2massets/[22m[36mpreview-DqgGsbEJ.js                [39m[1m[2m    1.54 kB[22m[1m[22m[2m │ gzip:   0.91 kB[22m
[2m../../../../../tmp/chromatic--8205-7nzgsMsz73Ss/[22m[2massets/[22m[36mindex-TY_5Dx73.js                  [39m[1m[2m    1.65 kB[22m[1m[22m[2m │ gzip:   0.86 kB[22m
[2m../../../../../tmp/chromatic--8205-7nzgsMsz73Ss/[22m[2massets/[22m[36mButton.stories-CE-Kl6PY.js         [39m[1m[2m    2.27 kB[22m[1m[22m[2m │ gzip:   0.91 kB[22m
[2m../../../../../tmp/chromatic--8205-7nzgsMsz73Ss/[22m[2massets/[22m[36mpreview-DcfFg3-4.js                [39m[1m[2m    3.51 kB[22m[1m[22m[2m │ gzip:   1.70 kB[22m
[2m../../../../../tmp/chromatic--8205-7nzgsMsz73Ss/[22m[2massets/[22m[36mpreview-CTCcFIrK.js                [39m[1m[2m    3.62 kB[22m[1m[22m[2m │ gzip:   1.48 kB[22m
[2m../../../../../tmp/chromatic--8205-7nzgsMsz73Ss/[22m[2massets/[22m[36miframe-BnHqZ8jq.js                 [39m[1m[2m    4.03 kB[22m[1m[22m[2m │ gzip:   1.74 kB[22m
[2m../../../../../tmp/chromatic--8205-7nzgsMsz73Ss/[22m[2massets/[22m[36mpreview-BYTWp06H.js                [39m[1m[2m    8.20 kB[22m[1m[22m[2m │ gzip:   3.11 kB[22m
[2m../../../../../tmp/chromatic--8205-7nzgsMsz73Ss/[22m[2massets/[22m[36mpreview-Df0pL7oX.js                [39m[1m[2m    8.23 kB[22m[1m[22m[2m │ gzip:   1.64 kB[22m
[2m../../../../../tmp/chromatic--8205-7nzgsMsz73Ss/[22m[2massets/[22m[36mColor-KGDBMAHA-BmEtzwz5.js         [39m[1m[2m   31.04 kB[22m[1m[22m[2m │ gzip:  11.71 kB[22m
[2m../../../../../tmp/chromatic--8205-7nzgsMsz73Ss/[22m[2massets/[22m[36mCoreExtension-UqvKx_PC.js          [39m[1m[2m   35.75 kB[22m[1m[22m[2m │ gzip:  11.28 kB[22m
[2m../../../../../tmp/chromatic--8205-7nzgsMsz73Ss/[22m[2massets/[22m[36mpreview-CaJMtc9J.js                [39m[1m[2m   63.21 kB[22m[1m[22m[2m │ gzip:  21.62 kB[22m
[2m../../../../../tmp/chromatic--8205-7nzgsMsz73Ss/[22m[2massets/[22m[36mindex-Bucb45ce.js                  [39m[1m[2m   75.08 kB[22m[1m[22m[2m │ gzip:  22.16 kB[22m
[2m../../../../../tmp/chromatic--8205-7nzgsMsz73Ss/[22m[2massets/[22m[36mrender-G91tTFY4.js                 [39m[1m[2m  158.71 kB[22m[1m[22m[2m │ gzip:  44.15 kB[22m
[2m../../../../../tmp/chromatic--8205-7nzgsMsz73Ss/[22m[2massets/[22m[36mDocsRenderer-PKQXORMH-DZo1sWKW.js  [39m[1m[33m1,034.69 kB[39m[22m[2m │ gzip: 328.12 kB[22m
[32m✓ built in 27.38s[39m
info => Preview built (29 s)
info => Output directory: /tmp/chromatic--8205-7nzgsMsz73Ss

attention => Storybook now collects completely anonymous telemetry regarding usage.
This information is used to shape Storybook's roadmap and prioritize features.
You can learn more, including how to opt-out if you'd not like to participate in this anonymous program, by visiting the following URL:
https://storybook.js.org/telemetry

